0 info it worked if it ends with ok
1 verbose cli [ 'D:\\nodejs\\node.exe',
1 verbose cli   'D:\\nodejs\\node_modules\\npm\\bin\\npm-cli.js',
1 verbose cli   'install',
1 verbose cli   'hiredis',
1 verbose cli   'redis' ]
2 info using npm@3.8.9
3 info using node@v6.2.0
4 silly loadCurrentTree Starting
5 silly install loadCurrentTree
6 silly install readLocalPackageData
7 silly fetchPackageMetaData hiredis
8 silly fetchPackageMetaData redis
9 silly fetchNamedPackageData hiredis
10 silly mapToRegistry name hiredis
11 silly mapToRegistry using default registry
12 silly mapToRegistry registry https://registry.npmjs.org/
13 silly mapToRegistry data Result {
13 silly mapToRegistry   raw: 'hiredis',
13 silly mapToRegistry   scope: null,
13 silly mapToRegistry   name: 'hiredis',
13 silly mapToRegistry   rawSpec: '',
13 silly mapToRegistry   spec: 'latest',
13 silly mapToRegistry   type: 'tag' }
14 silly mapToRegistry uri https://registry.npmjs.org/hiredis
15 silly fetchNamedPackageData redis
16 silly mapToRegistry name redis
17 silly mapToRegistry using default registry
18 silly mapToRegistry registry https://registry.npmjs.org/
19 silly mapToRegistry data Result {
19 silly mapToRegistry   raw: 'redis',
19 silly mapToRegistry   scope: null,
19 silly mapToRegistry   name: 'redis',
19 silly mapToRegistry   rawSpec: '',
19 silly mapToRegistry   spec: 'latest',
19 silly mapToRegistry   type: 'tag' }
20 silly mapToRegistry uri https://registry.npmjs.org/redis
21 verbose request uri https://registry.npmjs.org/hiredis
22 verbose request no auth needed
23 info attempt registry request try #1 at 20:42:37
24 verbose request id dc78b024edfc91f3
25 verbose etag W/"5922dab4-56ee"
26 verbose lastModified Mon, 22 May 2017 12:33:56 GMT
27 http request GET https://registry.npmjs.org/hiredis
28 verbose request uri https://registry.npmjs.org/redis
29 verbose request no auth needed
30 info attempt registry request try #1 at 20:42:37
31 verbose etag W/"59631b3b-275a1"
32 verbose lastModified Mon, 10 Jul 2017 06:14:19 GMT
33 http request GET https://registry.npmjs.org/redis
34 http 304 https://registry.npmjs.org/redis
35 verbose headers { date: 'Wed, 12 Jul 2017 12:42:41 GMT',
35 verbose headers   via: '1.1 varnish',
35 verbose headers   'cache-control': 'max-age=300',
35 verbose headers   etag: 'W/"59631b3b-275a1"',
35 verbose headers   age: '233',
35 verbose headers   connection: 'keep-alive',
35 verbose headers   'x-served-by': 'cache-nrt6133-NRT',
35 verbose headers   'x-cache': 'HIT',
35 verbose headers   'x-cache-hits': '3',
35 verbose headers   'x-timer': 'S1499863362.944921,VS0,VE0',
35 verbose headers   vary: 'Accept-Encoding, Accept' }
36 silly get cb [ 304,
36 silly get   { date: 'Wed, 12 Jul 2017 12:42:41 GMT',
36 silly get     via: '1.1 varnish',
36 silly get     'cache-control': 'max-age=300',
36 silly get     etag: 'W/"59631b3b-275a1"',
36 silly get     age: '233',
36 silly get     connection: 'keep-alive',
36 silly get     'x-served-by': 'cache-nrt6133-NRT',
36 silly get     'x-cache': 'HIT',
36 silly get     'x-cache-hits': '3',
36 silly get     'x-timer': 'S1499863362.944921,VS0,VE0',
36 silly get     vary: 'Accept-Encoding, Accept' } ]
37 verbose etag https://registry.npmjs.org/redis from cache
38 verbose get saving redis to C:\Users\Administrator\AppData\Roaming\npm-cache\registry.npmjs.org\redis\.cache.json
39 verbose correctMkdir C:\Users\Administrator\AppData\Roaming\npm-cache correctMkdir not in flight; initializing
40 http 304 https://registry.npmjs.org/hiredis
41 verbose headers { date: 'Wed, 12 Jul 2017 12:42:41 GMT',
41 verbose headers   via: '1.1 varnish',
41 verbose headers   'cache-control': 'max-age=300',
41 verbose headers   etag: 'W/"5922dab4-56ee"',
41 verbose headers   age: '0',
41 verbose headers   connection: 'keep-alive',
41 verbose headers   'x-served-by': 'cache-nrt6126-NRT',
41 verbose headers   'x-cache': 'HIT',
41 verbose headers   'x-cache-hits': '1',
41 verbose headers   'x-timer': 'S1499863362.863319,VS0,VE205',
41 verbose headers   vary: 'Accept-Encoding, Accept' }
42 silly get cb [ 304,
42 silly get   { date: 'Wed, 12 Jul 2017 12:42:41 GMT',
42 silly get     via: '1.1 varnish',
42 silly get     'cache-control': 'max-age=300',
42 silly get     etag: 'W/"5922dab4-56ee"',
42 silly get     age: '0',
42 silly get     connection: 'keep-alive',
42 silly get     'x-served-by': 'cache-nrt6126-NRT',
42 silly get     'x-cache': 'HIT',
42 silly get     'x-cache-hits': '1',
42 silly get     'x-timer': 'S1499863362.863319,VS0,VE205',
42 silly get     vary: 'Accept-Encoding, Accept' } ]
43 verbose etag https://registry.npmjs.org/hiredis from cache
44 verbose get saving hiredis to C:\Users\Administrator\AppData\Roaming\npm-cache\registry.npmjs.org\hiredis\.cache.json
45 verbose correctMkdir C:\Users\Administrator\AppData\Roaming\npm-cache correctMkdir not in flight; initializing
46 silly install normalizeTree
47 silly loadCurrentTree Finishing
48 silly loadIdealTree Starting
49 silly install loadIdealTree
50 silly cloneCurrentTree Starting
51 silly install cloneCurrentTreeToIdealTree
52 silly cloneCurrentTree Finishing
53 silly loadShrinkwrap Starting
54 silly install loadShrinkwrap
55 silly loadShrinkwrap Finishing
56 silly loadAllDepsIntoIdealTree Starting
57 silly install loadAllDepsIntoIdealTree
58 silly resolveWithNewModule redis@2.7.1 checking installable status
59 silly cache add args [ 'redis', null ]
60 verbose cache add spec redis
61 silly resolveWithNewModule hiredis@0.5.0 checking installable status
62 silly cache add args [ 'hiredis', null ]
63 verbose cache add spec hiredis
64 silly cache add parsed spec Result {
64 silly cache add   raw: 'redis',
64 silly cache add   scope: null,
64 silly cache add   name: 'redis',
64 silly cache add   rawSpec: '',
64 silly cache add   spec: 'latest',
64 silly cache add   type: 'tag' }
65 silly addNamed redis@latest
66 verbose addNamed "latest" is being treated as a dist-tag for redis
67 info addNameTag [ 'redis', 'latest' ]
68 silly mapToRegistry name redis
69 silly mapToRegistry using default registry
70 silly mapToRegistry registry https://registry.npmjs.org/
71 silly mapToRegistry data Result {
71 silly mapToRegistry   raw: 'redis',
71 silly mapToRegistry   scope: null,
71 silly mapToRegistry   name: 'redis',
71 silly mapToRegistry   rawSpec: '',
71 silly mapToRegistry   spec: 'latest',
71 silly mapToRegistry   type: 'tag' }
72 silly mapToRegistry uri https://registry.npmjs.org/redis
73 verbose addNameTag registry:https://registry.npmjs.org/redis not in flight; fetching
74 silly cache add parsed spec Result {
74 silly cache add   raw: 'hiredis',
74 silly cache add   scope: null,
74 silly cache add   name: 'hiredis',
74 silly cache add   rawSpec: '',
74 silly cache add   spec: 'latest',
74 silly cache add   type: 'tag' }
75 silly addNamed hiredis@latest
76 verbose addNamed "latest" is being treated as a dist-tag for hiredis
77 info addNameTag [ 'hiredis', 'latest' ]
78 silly mapToRegistry name hiredis
79 silly mapToRegistry using default registry
80 silly mapToRegistry registry https://registry.npmjs.org/
81 silly mapToRegistry data Result {
81 silly mapToRegistry   raw: 'hiredis',
81 silly mapToRegistry   scope: null,
81 silly mapToRegistry   name: 'hiredis',
81 silly mapToRegistry   rawSpec: '',
81 silly mapToRegistry   spec: 'latest',
81 silly mapToRegistry   type: 'tag' }
82 silly mapToRegistry uri https://registry.npmjs.org/hiredis
83 verbose addNameTag registry:https://registry.npmjs.org/hiredis not in flight; fetching
84 verbose get https://registry.npmjs.org/hiredis not expired, no request
85 silly addNameTag next cb for hiredis with tag latest
86 silly addNamed hiredis@0.5.0
87 verbose addNamed "0.5.0" is a plain semver version for hiredis
88 verbose get https://registry.npmjs.org/redis not expired, no request
89 silly addNameTag next cb for redis with tag latest
90 silly addNamed redis@2.7.1
91 verbose addNamed "2.7.1" is a plain semver version for redis
92 silly cache afterAdd hiredis@0.5.0
93 verbose afterAdd C:\Users\Administrator\AppData\Roaming\npm-cache\hiredis\0.5.0\package\package.json not in flight; writing
94 verbose correctMkdir C:\Users\Administrator\AppData\Roaming\npm-cache correctMkdir not in flight; initializing
95 silly cache afterAdd redis@2.7.1
96 verbose afterAdd C:\Users\Administrator\AppData\Roaming\npm-cache\redis\2.7.1\package\package.json not in flight; writing
97 verbose correctMkdir C:\Users\Administrator\AppData\Roaming\npm-cache correctMkdir not in flight; initializing
98 verbose afterAdd C:\Users\Administrator\AppData\Roaming\npm-cache\hiredis\0.5.0\package\package.json written
99 verbose afterAdd C:\Users\Administrator\AppData\Roaming\npm-cache\redis\2.7.1\package\package.json written
100 silly fetchNamedPackageData bindings
101 silly mapToRegistry name bindings
102 silly mapToRegistry using default registry
103 silly mapToRegistry registry https://registry.npmjs.org/
104 silly mapToRegistry data Result {
104 silly mapToRegistry   raw: 'bindings',
104 silly mapToRegistry   scope: null,
104 silly mapToRegistry   name: 'bindings',
104 silly mapToRegistry   rawSpec: '',
104 silly mapToRegistry   spec: 'latest',
104 silly mapToRegistry   type: 'tag' }
105 silly mapToRegistry uri https://registry.npmjs.org/bindings
106 silly fetchNamedPackageData nan
107 silly mapToRegistry name nan
108 silly mapToRegistry using default registry
109 silly mapToRegistry registry https://registry.npmjs.org/
110 silly mapToRegistry data Result {
110 silly mapToRegistry   raw: 'nan',
110 silly mapToRegistry   scope: null,
110 silly mapToRegistry   name: 'nan',
110 silly mapToRegistry   rawSpec: '',
110 silly mapToRegistry   spec: 'latest',
110 silly mapToRegistry   type: 'tag' }
111 silly mapToRegistry uri https://registry.npmjs.org/nan
112 verbose request uri https://registry.npmjs.org/bindings
113 verbose request no auth needed
114 info attempt registry request try #1 at 20:42:38
115 verbose etag W/"59234f99-46bf"
116 verbose lastModified Mon, 22 May 2017 20:52:41 GMT
117 http request GET https://registry.npmjs.org/bindings
118 verbose request uri https://registry.npmjs.org/nan
119 verbose request no auth needed
120 info attempt registry request try #1 at 20:42:38
121 verbose etag W/"592dfb8f-1f9f8"
122 verbose lastModified Tue, 30 May 2017 23:09:03 GMT
123 http request GET https://registry.npmjs.org/nan
124 http 304 https://registry.npmjs.org/nan
125 verbose headers { date: 'Wed, 12 Jul 2017 12:42:42 GMT',
125 verbose headers   via: '1.1 varnish',
125 verbose headers   'cache-control': 'max-age=300',
125 verbose headers   etag: 'W/"592dfb8f-1f9f8"',
125 verbose headers   age: '250',
125 verbose headers   connection: 'keep-alive',
125 verbose headers   'x-served-by': 'cache-nrt6126-NRT',
125 verbose headers   'x-cache': 'HIT',
125 verbose headers   'x-cache-hits': '6',
125 verbose headers   'x-timer': 'S1499863362.227531,VS0,VE0',
125 verbose headers   vary: 'Accept-Encoding' }
126 silly get cb [ 304,
126 silly get   { date: 'Wed, 12 Jul 2017 12:42:42 GMT',
126 silly get     via: '1.1 varnish',
126 silly get     'cache-control': 'max-age=300',
126 silly get     etag: 'W/"592dfb8f-1f9f8"',
126 silly get     age: '250',
126 silly get     connection: 'keep-alive',
126 silly get     'x-served-by': 'cache-nrt6126-NRT',
126 silly get     'x-cache': 'HIT',
126 silly get     'x-cache-hits': '6',
126 silly get     'x-timer': 'S1499863362.227531,VS0,VE0',
126 silly get     vary: 'Accept-Encoding' } ]
127 verbose etag https://registry.npmjs.org/nan from cache
128 verbose get saving nan to C:\Users\Administrator\AppData\Roaming\npm-cache\registry.npmjs.org\nan\.cache.json
129 verbose correctMkdir C:\Users\Administrator\AppData\Roaming\npm-cache correctMkdir not in flight; initializing
130 silly resolveWithNewModule nan@2.6.2 checking installable status
131 silly cache add args [ 'nan@^2.3.4', null ]
132 verbose cache add spec nan@^2.3.4
133 silly cache add parsed spec Result {
133 silly cache add   raw: 'nan@^2.3.4',
133 silly cache add   scope: null,
133 silly cache add   name: 'nan',
133 silly cache add   rawSpec: '^2.3.4',
133 silly cache add   spec: '>=2.3.4 <3.0.0',
133 silly cache add   type: 'range' }
134 silly addNamed nan@>=2.3.4 <3.0.0
135 verbose addNamed ">=2.3.4 <3.0.0" is a valid semver range for nan
136 silly addNameRange { name: 'nan', range: '>=2.3.4 <3.0.0', hasData: false }
137 silly mapToRegistry name nan
138 silly mapToRegistry using default registry
139 silly mapToRegistry registry https://registry.npmjs.org/
140 silly mapToRegistry data Result {
140 silly mapToRegistry   raw: 'nan',
140 silly mapToRegistry   scope: null,
140 silly mapToRegistry   name: 'nan',
140 silly mapToRegistry   rawSpec: '',
140 silly mapToRegistry   spec: 'latest',
140 silly mapToRegistry   type: 'tag' }
141 silly mapToRegistry uri https://registry.npmjs.org/nan
142 verbose addNameRange registry:https://registry.npmjs.org/nan not in flight; fetching
143 verbose get https://registry.npmjs.org/nan not expired, no request
144 silly addNameRange number 2 { name: 'nan', range: '>=2.3.4 <3.0.0', hasData: true }
145 silly addNameRange versions [ 'nan',
145 silly addNameRange   [ '0.3.0-wip',
145 silly addNameRange     '0.3.0-wip2',
145 silly addNameRange     '0.3.0',
145 silly addNameRange     '0.3.1',
145 silly addNameRange     '0.3.2',
145 silly addNameRange     '0.4.0',
145 silly addNameRange     '0.4.1',
145 silly addNameRange     '0.4.2',
145 silly addNameRange     '0.4.3',
145 silly addNameRange     '0.4.4',
145 silly addNameRange     '0.5.0',
145 silly addNameRange     '0.5.1',
145 silly addNameRange     '0.5.2',
145 silly addNameRange     '0.6.0',
145 silly addNameRange     '0.7.0',
145 silly addNameRange     '0.7.1',
145 silly addNameRange     '0.8.0',
145 silly addNameRange     '1.0.0',
145 silly addNameRange     '1.1.0',
145 silly addNameRange     '1.1.1',
145 silly addNameRange     '1.1.2',
145 silly addNameRange     '1.2.0',
145 silly addNameRange     '1.3.0',
145 silly addNameRange     '1.4.0',
145 silly addNameRange     '1.4.1',
145 silly addNameRange     '1.5.0',
145 silly addNameRange     '1.4.2',
145 silly addNameRange     '1.4.3',
145 silly addNameRange     '1.5.1',
145 silly addNameRange     '1.5.2',
145 silly addNameRange     '1.6.0',
145 silly addNameRange     '1.5.3',
145 silly addNameRange     '1.6.1',
145 silly addNameRange     '1.6.2',
145 silly addNameRange     '1.7.0',
145 silly addNameRange     '1.8.0',
145 silly addNameRange     '1.8.1',
145 silly addNameRange     '1.8.2',
145 silly addNameRange     '1.8.3',
145 silly addNameRange     '1.8.4',
145 silly addNameRange     '1.9.0',
145 silly addNameRange     '2.0.0',
145 silly addNameRange     '2.0.1',
145 silly addNameRange     '2.0.2',
145 silly addNameRange     '2.0.3',
145 silly addNameRange     '2.0.4',
145 silly addNameRange     '2.0.5',
145 silly addNameRange     '2.0.6',
145 silly addNameRange     '2.0.7',
145 silly addNameRange     '2.0.8',
145 silly addNameRange     '2.0.9',
145 silly addNameRange     '2.1.0',
145 silly addNameRange     '2.2.0',
145 silly addNameRange     '2.2.1',
145 silly addNameRange     '2.3.0',
145 silly addNameRange     '2.3.1',
145 silly addNameRange     '2.3.2',
145 silly addNameRange     '2.3.3',
145 silly addNameRange     '2.3.4',
145 silly addNameRange     '2.3.5',
145 silly addNameRange     '2.4.0',
145 silly addNameRange     '2.5.0',
145 silly addNameRange     '2.5.1',
145 silly addNameRange     '2.6.0',
145 silly addNameRange     '2.6.1',
145 silly addNameRange     '2.6.2' ] ]
146 silly addNamed nan@2.6.2
147 verbose addNamed "2.6.2" is a plain semver version for nan
148 http 304 https://registry.npmjs.org/bindings
149 verbose headers { date: 'Wed, 12 Jul 2017 12:42:42 GMT',
149 verbose headers   via: '1.1 varnish',
149 verbose headers   'cache-control': 'max-age=300',
149 verbose headers   etag: 'W/"59234f99-46bf"',
149 verbose headers   age: '286',
149 verbose headers   connection: 'keep-alive',
149 verbose headers   'x-served-by': 'cache-nrt6133-NRT',
149 verbose headers   'x-cache': 'HIT',
149 verbose headers   'x-cache-hits': '1',
149 verbose headers   'x-timer': 'S1499863362.223719,VS0,VE0',
149 verbose headers   vary: 'Accept-Encoding, Accept' }
150 silly get cb [ 304,
150 silly get   { date: 'Wed, 12 Jul 2017 12:42:42 GMT',
150 silly get     via: '1.1 varnish',
150 silly get     'cache-control': 'max-age=300',
150 silly get     etag: 'W/"59234f99-46bf"',
150 silly get     age: '286',
150 silly get     connection: 'keep-alive',
150 silly get     'x-served-by': 'cache-nrt6133-NRT',
150 silly get     'x-cache': 'HIT',
150 silly get     'x-cache-hits': '1',
150 silly get     'x-timer': 'S1499863362.223719,VS0,VE0',
150 silly get     vary: 'Accept-Encoding, Accept' } ]
151 verbose etag https://registry.npmjs.org/bindings from cache
152 verbose get saving bindings to C:\Users\Administrator\AppData\Roaming\npm-cache\registry.npmjs.org\bindings\.cache.json
153 verbose correctMkdir C:\Users\Administrator\AppData\Roaming\npm-cache correctMkdir not in flight; initializing
154 silly cache afterAdd nan@2.6.2
155 verbose afterAdd C:\Users\Administrator\AppData\Roaming\npm-cache\nan\2.6.2\package\package.json not in flight; writing
156 verbose correctMkdir C:\Users\Administrator\AppData\Roaming\npm-cache correctMkdir not in flight; initializing
157 silly resolveWithNewModule bindings@1.2.1 checking installable status
158 silly cache add args [ 'bindings@^1.2.1', null ]
159 verbose cache add spec bindings@^1.2.1
160 silly cache add parsed spec Result {
160 silly cache add   raw: 'bindings@^1.2.1',
160 silly cache add   scope: null,
160 silly cache add   name: 'bindings',
160 silly cache add   rawSpec: '^1.2.1',
160 silly cache add   spec: '>=1.2.1 <2.0.0',
160 silly cache add   type: 'range' }
161 silly addNamed bindings@>=1.2.1 <2.0.0
162 verbose addNamed ">=1.2.1 <2.0.0" is a valid semver range for bindings
163 silly addNameRange { name: 'bindings', range: '>=1.2.1 <2.0.0', hasData: false }
164 silly mapToRegistry name bindings
165 silly mapToRegistry using default registry
166 silly mapToRegistry registry https://registry.npmjs.org/
167 silly mapToRegistry data Result {
167 silly mapToRegistry   raw: 'bindings',
167 silly mapToRegistry   scope: null,
167 silly mapToRegistry   name: 'bindings',
167 silly mapToRegistry   rawSpec: '',
167 silly mapToRegistry   spec: 'latest',
167 silly mapToRegistry   type: 'tag' }
168 silly mapToRegistry uri https://registry.npmjs.org/bindings
169 verbose addNameRange registry:https://registry.npmjs.org/bindings not in flight; fetching
170 verbose afterAdd C:\Users\Administrator\AppData\Roaming\npm-cache\nan\2.6.2\package\package.json written
171 verbose get https://registry.npmjs.org/bindings not expired, no request
172 silly addNameRange number 2 { name: 'bindings', range: '>=1.2.1 <2.0.0', hasData: true }
173 silly addNameRange versions [ 'bindings',
173 silly addNameRange   [ '0.0.1',
173 silly addNameRange     '0.1.0',
173 silly addNameRange     '0.1.1',
173 silly addNameRange     '0.2.0',
173 silly addNameRange     '0.2.1',
173 silly addNameRange     '0.2.2',
173 silly addNameRange     '0.2.3',
173 silly addNameRange     '0.2.4',
173 silly addNameRange     '0.3.0',
173 silly addNameRange     '0.4.0',
173 silly addNameRange     '1.0.0',
173 silly addNameRange     '1.1.0',
173 silly addNameRange     '1.1.1',
173 silly addNameRange     '1.2.0',
173 silly addNameRange     '1.2.1' ] ]
174 silly addNamed bindings@1.2.1
175 verbose addNamed "1.2.1" is a plain semver version for bindings
176 silly cache afterAdd bindings@1.2.1
177 verbose afterAdd C:\Users\Administrator\AppData\Roaming\npm-cache\bindings\1.2.1\package\package.json not in flight; writing
178 verbose correctMkdir C:\Users\Administrator\AppData\Roaming\npm-cache correctMkdir not in flight; initializing
179 verbose afterAdd C:\Users\Administrator\AppData\Roaming\npm-cache\bindings\1.2.1\package\package.json written
180 silly fetchNamedPackageData double-ended-queue
181 silly mapToRegistry name double-ended-queue
182 silly mapToRegistry using default registry
183 silly mapToRegistry registry https://registry.npmjs.org/
184 silly mapToRegistry data Result {
184 silly mapToRegistry   raw: 'double-ended-queue',
184 silly mapToRegistry   scope: null,
184 silly mapToRegistry   name: 'double-ended-queue',
184 silly mapToRegistry   rawSpec: '',
184 silly mapToRegistry   spec: 'latest',
184 silly mapToRegistry   type: 'tag' }
185 silly mapToRegistry uri https://registry.npmjs.org/double-ended-queue
186 silly fetchNamedPackageData redis-commands
187 silly mapToRegistry name redis-commands
188 silly mapToRegistry using default registry
189 silly mapToRegistry registry https://registry.npmjs.org/
190 silly mapToRegistry data Result {
190 silly mapToRegistry   raw: 'redis-commands',
190 silly mapToRegistry   scope: null,
190 silly mapToRegistry   name: 'redis-commands',
190 silly mapToRegistry   rawSpec: '',
190 silly mapToRegistry   spec: 'latest',
190 silly mapToRegistry   type: 'tag' }
191 silly mapToRegistry uri https://registry.npmjs.org/redis-commands
192 silly fetchNamedPackageData redis-parser
193 silly mapToRegistry name redis-parser
194 silly mapToRegistry using default registry
195 silly mapToRegistry registry https://registry.npmjs.org/
196 silly mapToRegistry data Result {
196 silly mapToRegistry   raw: 'redis-parser',
196 silly mapToRegistry   scope: null,
196 silly mapToRegistry   name: 'redis-parser',
196 silly mapToRegistry   rawSpec: '',
196 silly mapToRegistry   spec: 'latest',
196 silly mapToRegistry   type: 'tag' }
197 silly mapToRegistry uri https://registry.npmjs.org/redis-parser
198 verbose request uri https://registry.npmjs.org/double-ended-queue
199 verbose request no auth needed
200 info attempt registry request try #1 at 20:42:38
201 verbose etag W/"594ae333-351c"
202 verbose lastModified Wed, 21 Jun 2017 21:20:51 GMT
203 http request GET https://registry.npmjs.org/double-ended-queue
204 verbose request uri https://registry.npmjs.org/redis-commands
205 verbose request no auth needed
206 info attempt registry request try #1 at 20:42:38
207 verbose etag W/"5888d89c-395e"
208 verbose lastModified Wed, 25 Jan 2017 16:55:56 GMT
209 http request GET https://registry.npmjs.org/redis-commands
210 verbose request uri https://registry.npmjs.org/redis-parser
211 verbose request no auth needed
212 info attempt registry request try #1 at 20:42:38
213 verbose etag W/"592727ec-9489"
214 verbose lastModified Thu, 25 May 2017 18:52:28 GMT
215 http request GET https://registry.npmjs.org/redis-parser
216 http 304 https://registry.npmjs.org/double-ended-queue
217 verbose headers { date: 'Wed, 12 Jul 2017 12:42:42 GMT',
217 verbose headers   via: '1.1 varnish',
217 verbose headers   'cache-control': 'max-age=300',
217 verbose headers   etag: 'W/"594ae333-351c"',
217 verbose headers   age: '170',
217 verbose headers   connection: 'keep-alive',
217 verbose headers   'x-served-by': 'cache-nrt6126-NRT',
217 verbose headers   'x-cache': 'HIT',
217 verbose headers   'x-cache-hits': '1',
217 verbose headers   'x-timer': 'S1499863362.362631,VS0,VE0',
217 verbose headers   vary: 'Accept-Encoding, Accept' }
218 silly get cb [ 304,
218 silly get   { date: 'Wed, 12 Jul 2017 12:42:42 GMT',
218 silly get     via: '1.1 varnish',
218 silly get     'cache-control': 'max-age=300',
218 silly get     etag: 'W/"594ae333-351c"',
218 silly get     age: '170',
218 silly get     connection: 'keep-alive',
218 silly get     'x-served-by': 'cache-nrt6126-NRT',
218 silly get     'x-cache': 'HIT',
218 silly get     'x-cache-hits': '1',
218 silly get     'x-timer': 'S1499863362.362631,VS0,VE0',
218 silly get     vary: 'Accept-Encoding, Accept' } ]
219 verbose etag https://registry.npmjs.org/double-ended-queue from cache
220 verbose get saving double-ended-queue to C:\Users\Administrator\AppData\Roaming\npm-cache\registry.npmjs.org\double-ended-queue\.cache.json
221 verbose correctMkdir C:\Users\Administrator\AppData\Roaming\npm-cache correctMkdir not in flight; initializing
222 silly resolveWithNewModule double-ended-queue@2.1.0-0 checking installable status
223 silly cache add args [ 'double-ended-queue@^2.1.0-0', null ]
224 verbose cache add spec double-ended-queue@^2.1.0-0
225 silly cache add parsed spec Result {
225 silly cache add   raw: 'double-ended-queue@^2.1.0-0',
225 silly cache add   scope: null,
225 silly cache add   name: 'double-ended-queue',
225 silly cache add   rawSpec: '^2.1.0-0',
225 silly cache add   spec: '>=2.1.0-0 <3.0.0',
225 silly cache add   type: 'range' }
226 silly addNamed double-ended-queue@>=2.1.0-0 <3.0.0
227 verbose addNamed ">=2.1.0-0 <3.0.0" is a valid semver range for double-ended-queue
228 silly addNameRange { name: 'double-ended-queue',
228 silly addNameRange   range: '>=2.1.0-0 <3.0.0',
228 silly addNameRange   hasData: false }
229 silly mapToRegistry name double-ended-queue
230 silly mapToRegistry using default registry
231 silly mapToRegistry registry https://registry.npmjs.org/
232 silly mapToRegistry data Result {
232 silly mapToRegistry   raw: 'double-ended-queue',
232 silly mapToRegistry   scope: null,
232 silly mapToRegistry   name: 'double-ended-queue',
232 silly mapToRegistry   rawSpec: '',
232 silly mapToRegistry   spec: 'latest',
232 silly mapToRegistry   type: 'tag' }
233 silly mapToRegistry uri https://registry.npmjs.org/double-ended-queue
234 verbose addNameRange registry:https://registry.npmjs.org/double-ended-queue not in flight; fetching
235 verbose get https://registry.npmjs.org/double-ended-queue not expired, no request
236 silly addNameRange number 2 { name: 'double-ended-queue',
236 silly addNameRange   range: '>=2.1.0-0 <3.0.0',
236 silly addNameRange   hasData: true }
237 silly addNameRange versions [ 'double-ended-queue', [ '0.9.7', '2.0.0-0', '2.1.0-0' ] ]
238 silly addNamed double-ended-queue@2.1.0-0
239 verbose addNamed "2.1.0-0" is a plain semver version for double-ended-queue
240 silly cache afterAdd double-ended-queue@2.1.0-0
241 verbose afterAdd C:\Users\Administrator\AppData\Roaming\npm-cache\double-ended-queue\2.1.0-0\package\package.json not in flight; writing
242 verbose correctMkdir C:\Users\Administrator\AppData\Roaming\npm-cache correctMkdir not in flight; initializing
243 http 304 https://registry.npmjs.org/redis-commands
244 verbose headers { date: 'Wed, 12 Jul 2017 12:42:42 GMT',
244 verbose headers   via: '1.1 varnish',
244 verbose headers   'cache-control': 'max-age=300',
244 verbose headers   etag: 'W/"5888d89c-395e"',
244 verbose headers   age: '57',
244 verbose headers   connection: 'keep-alive',
244 verbose headers   'x-served-by': 'cache-nrt6133-NRT',
244 verbose headers   'x-cache': 'HIT',
244 verbose headers   'x-cache-hits': '1',
244 verbose headers   'x-timer': 'S1499863362.362098,VS0,VE0',
244 verbose headers   vary: 'Accept-Encoding, Accept' }
245 silly get cb [ 304,
245 silly get   { date: 'Wed, 12 Jul 2017 12:42:42 GMT',
245 silly get     via: '1.1 varnish',
245 silly get     'cache-control': 'max-age=300',
245 silly get     etag: 'W/"5888d89c-395e"',
245 silly get     age: '57',
245 silly get     connection: 'keep-alive',
245 silly get     'x-served-by': 'cache-nrt6133-NRT',
245 silly get     'x-cache': 'HIT',
245 silly get     'x-cache-hits': '1',
245 silly get     'x-timer': 'S1499863362.362098,VS0,VE0',
245 silly get     vary: 'Accept-Encoding, Accept' } ]
246 verbose etag https://registry.npmjs.org/redis-commands from cache
247 verbose get saving redis-commands to C:\Users\Administrator\AppData\Roaming\npm-cache\registry.npmjs.org\redis-commands\.cache.json
248 verbose correctMkdir C:\Users\Administrator\AppData\Roaming\npm-cache correctMkdir not in flight; initializing
249 verbose afterAdd C:\Users\Administrator\AppData\Roaming\npm-cache\double-ended-queue\2.1.0-0\package\package.json written
250 silly resolveWithNewModule redis-commands@1.3.1 checking installable status
251 silly cache add args [ 'redis-commands@^1.2.0', null ]
252 verbose cache add spec redis-commands@^1.2.0
253 silly cache add parsed spec Result {
253 silly cache add   raw: 'redis-commands@^1.2.0',
253 silly cache add   scope: null,
253 silly cache add   name: 'redis-commands',
253 silly cache add   rawSpec: '^1.2.0',
253 silly cache add   spec: '>=1.2.0 <2.0.0',
253 silly cache add   type: 'range' }
254 silly addNamed redis-commands@>=1.2.0 <2.0.0
255 verbose addNamed ">=1.2.0 <2.0.0" is a valid semver range for redis-commands
256 silly addNameRange { name: 'redis-commands',
256 silly addNameRange   range: '>=1.2.0 <2.0.0',
256 silly addNameRange   hasData: false }
257 silly mapToRegistry name redis-commands
258 silly mapToRegistry using default registry
259 silly mapToRegistry registry https://registry.npmjs.org/
260 silly mapToRegistry data Result {
260 silly mapToRegistry   raw: 'redis-commands',
260 silly mapToRegistry   scope: null,
260 silly mapToRegistry   name: 'redis-commands',
260 silly mapToRegistry   rawSpec: '',
260 silly mapToRegistry   spec: 'latest',
260 silly mapToRegistry   type: 'tag' }
261 silly mapToRegistry uri https://registry.npmjs.org/redis-commands
262 verbose addNameRange registry:https://registry.npmjs.org/redis-commands not in flight; fetching
263 verbose get https://registry.npmjs.org/redis-commands not expired, no request
264 silly addNameRange number 2 { name: 'redis-commands',
264 silly addNameRange   range: '>=1.2.0 <2.0.0',
264 silly addNameRange   hasData: true }
265 silly addNameRange versions [ 'redis-commands',
265 silly addNameRange   [ '0.0.1',
265 silly addNameRange     '0.0.2',
265 silly addNameRange     '0.0.3',
265 silly addNameRange     '1.0.0',
265 silly addNameRange     '1.0.1',
265 silly addNameRange     '1.0.2',
265 silly addNameRange     '1.1.0',
265 silly addNameRange     '1.2.0',
265 silly addNameRange     '1.3.0',
265 silly addNameRange     '1.3.1' ] ]
266 silly addNamed redis-commands@1.3.1
267 verbose addNamed "1.3.1" is a plain semver version for redis-commands
268 silly cache afterAdd redis-commands@1.3.1
269 verbose afterAdd C:\Users\Administrator\AppData\Roaming\npm-cache\redis-commands\1.3.1\package\package.json not in flight; writing
270 verbose correctMkdir C:\Users\Administrator\AppData\Roaming\npm-cache correctMkdir not in flight; initializing
271 verbose afterAdd C:\Users\Administrator\AppData\Roaming\npm-cache\redis-commands\1.3.1\package\package.json written
272 http 304 https://registry.npmjs.org/redis-parser
273 verbose headers { date: 'Wed, 12 Jul 2017 12:42:42 GMT',
273 verbose headers   via: '1.1 varnish',
273 verbose headers   'cache-control': 'max-age=300',
273 verbose headers   etag: 'W/"592727ec-9489"',
273 verbose headers   age: '115',
273 verbose headers   connection: 'keep-alive',
273 verbose headers   'x-served-by': 'cache-nrt6129-NRT',
273 verbose headers   'x-cache': 'HIT',
273 verbose headers   'x-cache-hits': '1',
273 verbose headers   'x-timer': 'S1499863363.542647,VS0,VE0',
273 verbose headers   vary: 'Accept-Encoding, Accept' }
274 silly get cb [ 304,
274 silly get   { date: 'Wed, 12 Jul 2017 12:42:42 GMT',
274 silly get     via: '1.1 varnish',
274 silly get     'cache-control': 'max-age=300',
274 silly get     etag: 'W/"592727ec-9489"',
274 silly get     age: '115',
274 silly get     connection: 'keep-alive',
274 silly get     'x-served-by': 'cache-nrt6129-NRT',
274 silly get     'x-cache': 'HIT',
274 silly get     'x-cache-hits': '1',
274 silly get     'x-timer': 'S1499863363.542647,VS0,VE0',
274 silly get     vary: 'Accept-Encoding, Accept' } ]
275 verbose etag https://registry.npmjs.org/redis-parser from cache
276 verbose get saving redis-parser to C:\Users\Administrator\AppData\Roaming\npm-cache\registry.npmjs.org\redis-parser\.cache.json
277 verbose correctMkdir C:\Users\Administrator\AppData\Roaming\npm-cache correctMkdir not in flight; initializing
278 silly resolveWithNewModule redis-parser@2.6.0 checking installable status
279 silly cache add args [ 'redis-parser@^2.5.0', null ]
280 verbose cache add spec redis-parser@^2.5.0
281 silly cache add parsed spec Result {
281 silly cache add   raw: 'redis-parser@^2.5.0',
281 silly cache add   scope: null,
281 silly cache add   name: 'redis-parser',
281 silly cache add   rawSpec: '^2.5.0',
281 silly cache add   spec: '>=2.5.0 <3.0.0',
281 silly cache add   type: 'range' }
282 silly addNamed redis-parser@>=2.5.0 <3.0.0
283 verbose addNamed ">=2.5.0 <3.0.0" is a valid semver range for redis-parser
284 silly addNameRange { name: 'redis-parser', range: '>=2.5.0 <3.0.0', hasData: false }
285 silly mapToRegistry name redis-parser
286 silly mapToRegistry using default registry
287 silly mapToRegistry registry https://registry.npmjs.org/
288 silly mapToRegistry data Result {
288 silly mapToRegistry   raw: 'redis-parser',
288 silly mapToRegistry   scope: null,
288 silly mapToRegistry   name: 'redis-parser',
288 silly mapToRegistry   rawSpec: '',
288 silly mapToRegistry   spec: 'latest',
288 silly mapToRegistry   type: 'tag' }
289 silly mapToRegistry uri https://registry.npmjs.org/redis-parser
290 verbose addNameRange registry:https://registry.npmjs.org/redis-parser not in flight; fetching
291 verbose get https://registry.npmjs.org/redis-parser not expired, no request
292 silly addNameRange number 2 { name: 'redis-parser', range: '>=2.5.0 <3.0.0', hasData: true }
293 silly addNameRange versions [ 'redis-parser',
293 silly addNameRange   [ '0.0.1',
293 silly addNameRange     '1.0.0',
293 silly addNameRange     '1.1.0',
293 silly addNameRange     '1.2.0',
293 silly addNameRange     '1.3.0',
293 silly addNameRange     '2.0.0',
293 silly addNameRange     '2.0.1',
293 silly addNameRange     '2.0.2',
293 silly addNameRange     '2.0.3',
293 silly addNameRange     '2.0.4',
293 silly addNameRange     '2.1.0',
293 silly addNameRange     '2.1.1',
293 silly addNameRange     '2.2.0',
293 silly addNameRange     '2.3.0',
293 silly addNameRange     '2.4.0',
293 silly addNameRange     '2.5.0',
293 silly addNameRange     '2.6.0',
293 silly addNameRange     '3.0.0' ] ]
294 silly addNamed redis-parser@2.6.0
295 verbose addNamed "2.6.0" is a plain semver version for redis-parser
296 silly cache afterAdd redis-parser@2.6.0
297 verbose afterAdd C:\Users\Administrator\AppData\Roaming\npm-cache\redis-parser\2.6.0\package\package.json not in flight; writing
298 verbose correctMkdir C:\Users\Administrator\AppData\Roaming\npm-cache correctMkdir not in flight; initializing
299 verbose afterAdd C:\Users\Administrator\AppData\Roaming\npm-cache\redis-parser\2.6.0\package\package.json written
300 silly loadAllDepsIntoIdealTree Finishing
301 silly idealTree:prePrune redis
301 silly idealTree:prePrune +-- bindings@1.2.1
301 silly idealTree:prePrune +-- double-ended-queue@2.1.0-0
301 silly idealTree:prePrune +-- hiredis@0.5.0
301 silly idealTree:prePrune +-- nan@2.6.2
301 silly idealTree:prePrune +-- redis-commands@1.3.1
301 silly idealTree:prePrune +-- redis-parser@2.6.0
301 silly idealTree:prePrune `-- redis@2.7.1
302 silly loadIdealTree Finishing
303 silly currentTree redis
304 silly idealTree redis
304 silly idealTree +-- bindings@1.2.1
304 silly idealTree +-- double-ended-queue@2.1.0-0
304 silly idealTree +-- hiredis@0.5.0
304 silly idealTree +-- nan@2.6.2
304 silly idealTree +-- redis-commands@1.3.1
304 silly idealTree +-- redis-parser@2.6.0
304 silly idealTree `-- redis@2.7.1
305 silly generateActionsToTake Starting
306 silly install generateActionsToTake
307 silly generateActionsToTake Finishing
308 silly diffTrees action count 7
309 silly diffTrees add bindings@1.2.1
310 silly diffTrees add double-ended-queue@2.1.0-0
311 silly diffTrees add nan@2.6.2
312 silly diffTrees add redis-commands@1.3.1
313 silly diffTrees add redis-parser@2.6.0
314 silly diffTrees add hiredis@0.5.0
315 silly diffTrees add redis@2.7.1
316 silly decomposeActions action count 56
317 silly decomposeActions fetch bindings@1.2.1
318 silly decomposeActions extract bindings@1.2.1
319 silly decomposeActions test bindings@1.2.1
320 silly decomposeActions preinstall bindings@1.2.1
321 silly decomposeActions build bindings@1.2.1
322 silly decomposeActions install bindings@1.2.1
323 silly decomposeActions postinstall bindings@1.2.1
324 silly decomposeActions finalize bindings@1.2.1
325 silly decomposeActions fetch double-ended-queue@2.1.0-0
326 silly decomposeActions extract double-ended-queue@2.1.0-0
327 silly decomposeActions test double-ended-queue@2.1.0-0
328 silly decomposeActions preinstall double-ended-queue@2.1.0-0
329 silly decomposeActions build double-ended-queue@2.1.0-0
330 silly decomposeActions install double-ended-queue@2.1.0-0
331 silly decomposeActions postinstall double-ended-queue@2.1.0-0
332 silly decomposeActions finalize double-ended-queue@2.1.0-0
333 silly decomposeActions fetch nan@2.6.2
334 silly decomposeActions extract nan@2.6.2
335 silly decomposeActions test nan@2.6.2
336 silly decomposeActions preinstall nan@2.6.2
337 silly decomposeActions build nan@2.6.2
338 silly decomposeActions install nan@2.6.2
339 silly decomposeActions postinstall nan@2.6.2
340 silly decomposeActions finalize nan@2.6.2
341 silly decomposeActions fetch redis-commands@1.3.1
342 silly decomposeActions extract redis-commands@1.3.1
343 silly decomposeActions test redis-commands@1.3.1
344 silly decomposeActions preinstall redis-commands@1.3.1
345 silly decomposeActions build redis-commands@1.3.1
346 silly decomposeActions install redis-commands@1.3.1
347 silly decomposeActions postinstall redis-commands@1.3.1
348 silly decomposeActions finalize redis-commands@1.3.1
349 silly decomposeActions fetch redis-parser@2.6.0
350 silly decomposeActions extract redis-parser@2.6.0
351 silly decomposeActions test redis-parser@2.6.0
352 silly decomposeActions preinstall redis-parser@2.6.0
353 silly decomposeActions build redis-parser@2.6.0
354 silly decomposeActions install redis-parser@2.6.0
355 silly decomposeActions postinstall redis-parser@2.6.0
356 silly decomposeActions finalize redis-parser@2.6.0
357 silly decomposeActions fetch hiredis@0.5.0
358 silly decomposeActions extract hiredis@0.5.0
359 silly decomposeActions test hiredis@0.5.0
360 silly decomposeActions preinstall hiredis@0.5.0
361 silly decomposeActions build hiredis@0.5.0
362 silly decomposeActions install hiredis@0.5.0
363 silly decomposeActions postinstall hiredis@0.5.0
364 silly decomposeActions finalize hiredis@0.5.0
365 silly decomposeActions fetch redis@2.7.1
366 silly decomposeActions extract redis@2.7.1
367 silly decomposeActions test redis@2.7.1
368 silly decomposeActions preinstall redis@2.7.1
369 silly decomposeActions build redis@2.7.1
370 silly decomposeActions install redis@2.7.1
371 silly decomposeActions postinstall redis@2.7.1
372 silly decomposeActions finalize redis@2.7.1
373 silly executeActions Starting
374 silly install executeActions
375 silly doSerial global-install 0
376 silly doParallel fetch 7
377 verbose correctMkdir C:\Users\Administrator\AppData\Roaming\npm-cache\_locks correctMkdir not in flight; initializing
378 verbose lock using C:\Users\Administrator\AppData\Roaming\npm-cache\_locks\staging-714aa328c44299fc.lock for E:\gitworkspace\LearnNodejs\redis\node_modules\.staging
379 silly doParallel extract 7
380 silly extract bindings@1.2.1
381 silly extract double-ended-queue@2.1.0-0
382 silly extract nan@2.6.2
383 silly extract redis-commands@1.3.1
384 silly extract redis-parser@2.6.0
385 silly extract hiredis@0.5.0
386 silly extract redis@2.7.1
387 verbose unbuild node_modules\.staging\bindings-94d54e6e
388 verbose unbuild node_modules\.staging\double-ended-queue-724d8da8
389 verbose unbuild node_modules\.staging\redis-commands-e54a24bb
390 verbose unbuild node_modules\.staging\nan-ed52062f
391 verbose unbuild node_modules\.staging\hiredis-61f4e9a8
392 verbose unbuild node_modules\.staging\redis-f5510547
393 verbose unbuild node_modules\.staging\redis-parser-cabe8d99
394 silly gentlyRm E:\gitworkspace\LearnNodejs\redis\node_modules\.staging\bindings-94d54e6e is being purged from base E:\gitworkspace\LearnNodejs\redis
395 verbose gentlyRm don't care about contents; nuking E:\gitworkspace\LearnNodejs\redis\node_modules\.staging\bindings-94d54e6e
396 silly gentlyRm E:\gitworkspace\LearnNodejs\redis\node_modules\.staging\double-ended-queue-724d8da8 is being purged from base E:\gitworkspace\LearnNodejs\redis
397 verbose gentlyRm don't care about contents; nuking E:\gitworkspace\LearnNodejs\redis\node_modules\.staging\double-ended-queue-724d8da8
398 silly gentlyRm E:\gitworkspace\LearnNodejs\redis\node_modules\.staging\nan-ed52062f is being purged from base E:\gitworkspace\LearnNodejs\redis
399 verbose gentlyRm don't care about contents; nuking E:\gitworkspace\LearnNodejs\redis\node_modules\.staging\nan-ed52062f
400 silly gentlyRm E:\gitworkspace\LearnNodejs\redis\node_modules\.staging\redis-commands-e54a24bb is being purged from base E:\gitworkspace\LearnNodejs\redis
401 verbose gentlyRm don't care about contents; nuking E:\gitworkspace\LearnNodejs\redis\node_modules\.staging\redis-commands-e54a24bb
402 silly gentlyRm E:\gitworkspace\LearnNodejs\redis\node_modules\.staging\redis-f5510547 is being purged from base E:\gitworkspace\LearnNodejs\redis
403 verbose gentlyRm don't care about contents; nuking E:\gitworkspace\LearnNodejs\redis\node_modules\.staging\redis-f5510547
404 silly gentlyRm E:\gitworkspace\LearnNodejs\redis\node_modules\.staging\hiredis-61f4e9a8 is being purged from base E:\gitworkspace\LearnNodejs\redis
405 verbose gentlyRm don't care about contents; nuking E:\gitworkspace\LearnNodejs\redis\node_modules\.staging\hiredis-61f4e9a8
406 silly gentlyRm E:\gitworkspace\LearnNodejs\redis\node_modules\.staging\redis-parser-cabe8d99 is being purged from base E:\gitworkspace\LearnNodejs\redis
407 verbose gentlyRm don't care about contents; nuking E:\gitworkspace\LearnNodejs\redis\node_modules\.staging\redis-parser-cabe8d99
408 verbose tar unpack C:\Users\Administrator\AppData\Roaming\npm-cache\bindings\1.2.1\package.tgz
409 verbose tar unpacking to E:\gitworkspace\LearnNodejs\redis\node_modules\.staging\bindings-94d54e6e
410 silly gentlyRm E:\gitworkspace\LearnNodejs\redis\node_modules\.staging\bindings-94d54e6e is being purged
411 verbose gentlyRm don't care about contents; nuking E:\gitworkspace\LearnNodejs\redis\node_modules\.staging\bindings-94d54e6e
412 verbose tar unpack C:\Users\Administrator\AppData\Roaming\npm-cache\double-ended-queue\2.1.0-0\package.tgz
413 verbose tar unpacking to E:\gitworkspace\LearnNodejs\redis\node_modules\.staging\double-ended-queue-724d8da8
414 silly gentlyRm E:\gitworkspace\LearnNodejs\redis\node_modules\.staging\double-ended-queue-724d8da8 is being purged
415 verbose gentlyRm don't care about contents; nuking E:\gitworkspace\LearnNodejs\redis\node_modules\.staging\double-ended-queue-724d8da8
416 verbose tar unpack C:\Users\Administrator\AppData\Roaming\npm-cache\nan\2.6.2\package.tgz
417 verbose tar unpacking to E:\gitworkspace\LearnNodejs\redis\node_modules\.staging\nan-ed52062f
418 silly gentlyRm E:\gitworkspace\LearnNodejs\redis\node_modules\.staging\nan-ed52062f is being purged
419 verbose gentlyRm don't care about contents; nuking E:\gitworkspace\LearnNodejs\redis\node_modules\.staging\nan-ed52062f
420 verbose tar unpack C:\Users\Administrator\AppData\Roaming\npm-cache\redis-commands\1.3.1\package.tgz
421 verbose tar unpacking to E:\gitworkspace\LearnNodejs\redis\node_modules\.staging\redis-commands-e54a24bb
422 silly gentlyRm E:\gitworkspace\LearnNodejs\redis\node_modules\.staging\redis-commands-e54a24bb is being purged
423 verbose gentlyRm don't care about contents; nuking E:\gitworkspace\LearnNodejs\redis\node_modules\.staging\redis-commands-e54a24bb
424 verbose tar unpack C:\Users\Administrator\AppData\Roaming\npm-cache\redis\2.7.1\package.tgz
425 verbose tar unpacking to E:\gitworkspace\LearnNodejs\redis\node_modules\.staging\redis-f5510547
426 silly gentlyRm E:\gitworkspace\LearnNodejs\redis\node_modules\.staging\redis-f5510547 is being purged
427 verbose gentlyRm don't care about contents; nuking E:\gitworkspace\LearnNodejs\redis\node_modules\.staging\redis-f5510547
428 verbose tar unpack C:\Users\Administrator\AppData\Roaming\npm-cache\hiredis\0.5.0\package.tgz
429 verbose tar unpacking to E:\gitworkspace\LearnNodejs\redis\node_modules\.staging\hiredis-61f4e9a8
430 silly gentlyRm E:\gitworkspace\LearnNodejs\redis\node_modules\.staging\hiredis-61f4e9a8 is being purged
431 verbose gentlyRm don't care about contents; nuking E:\gitworkspace\LearnNodejs\redis\node_modules\.staging\hiredis-61f4e9a8
432 verbose tar unpack C:\Users\Administrator\AppData\Roaming\npm-cache\redis-parser\2.6.0\package.tgz
433 verbose tar unpacking to E:\gitworkspace\LearnNodejs\redis\node_modules\.staging\redis-parser-cabe8d99
434 silly gentlyRm E:\gitworkspace\LearnNodejs\redis\node_modules\.staging\redis-parser-cabe8d99 is being purged
435 verbose gentlyRm don't care about contents; nuking E:\gitworkspace\LearnNodejs\redis\node_modules\.staging\redis-parser-cabe8d99
436 silly gunzTarPerm modes [ '777', '666' ]
437 silly gunzTarPerm modes [ '777', '666' ]
438 silly gunzTarPerm modes [ '777', '666' ]
439 silly gunzTarPerm modes [ '777', '666' ]
440 silly gunzTarPerm modes [ '777', '666' ]
441 silly gunzTarPerm modes [ '777', '666' ]
442 silly gunzTarPerm modes [ '777', '666' ]
443 silly gunzTarPerm extractEntry package.json
444 silly gunzTarPerm modified mode [ 'package.json', 420, 438 ]
445 silly gunzTarPerm extractEntry package.json
446 silly gunzTarPerm modified mode [ 'package.json', 436, 438 ]
447 silly gunzTarPerm extractEntry package.json
448 silly gunzTarPerm modified mode [ 'package.json', 420, 438 ]
449 silly gunzTarPerm extractEntry package.json
450 silly gunzTarPerm modified mode [ 'package.json', 420, 438 ]
451 silly gunzTarPerm extractEntry package.json
452 silly gunzTarPerm extractEntry package.json
453 silly gunzTarPerm modified mode [ 'package.json', 420, 438 ]
454 silly gunzTarPerm extractEntry package.json
455 silly gunzTarPerm modified mode [ 'package.json', 420, 438 ]
456 silly gunzTarPerm extractEntry README.md
457 silly gunzTarPerm modified mode [ 'README.md', 420, 438 ]
458 silly gunzTarPerm extractEntry bindings.js
459 silly gunzTarPerm modified mode [ 'bindings.js', 420, 438 ]
460 silly gunzTarPerm extractEntry README.md
461 silly gunzTarPerm modified mode [ 'README.md', 436, 438 ]
462 silly gunzTarPerm extractEntry include_dirs.js
463 silly gunzTarPerm modified mode [ 'include_dirs.js', 436, 438 ]
464 silly gunzTarPerm extractEntry .npmignore
465 silly gunzTarPerm modified mode [ '.npmignore', 436, 438 ]
466 silly gunzTarPerm extractEntry README.md
467 silly gunzTarPerm modified mode [ 'README.md', 436, 438 ]
468 silly gunzTarPerm extractEntry .npmignore
469 silly gunzTarPerm modified mode [ '.npmignore', 420, 438 ]
470 silly gunzTarPerm extractEntry README.md
471 silly gunzTarPerm modified mode [ 'README.md', 420, 438 ]
472 silly gunzTarPerm extractEntry .npmignore
473 silly gunzTarPerm extractEntry README.md
474 silly gunzTarPerm extractEntry .npmignore
475 silly gunzTarPerm modified mode [ '.npmignore', 420, 438 ]
476 silly gunzTarPerm extractEntry README.md
477 silly gunzTarPerm modified mode [ 'README.md', 420, 438 ]
478 silly gunzTarPerm extractEntry .npmignore
479 silly gunzTarPerm modified mode [ '.npmignore', 436, 438 ]
480 silly gunzTarPerm extractEntry README.md
481 silly gunzTarPerm modified mode [ 'README.md', 420, 438 ]
482 silly gunzTarPerm extractEntry LICENSE
483 silly gunzTarPerm modified mode [ 'LICENSE', 436, 438 ]
484 silly gunzTarPerm extractEntry index.js
485 silly gunzTarPerm modified mode [ 'index.js', 420, 438 ]
486 silly gunzTarPerm extractEntry nan_converters_43_inl.h
487 silly gunzTarPerm modified mode [ 'nan_converters_43_inl.h', 436, 438 ]
488 silly gunzTarPerm extractEntry LICENSE.md
489 silly gunzTarPerm modified mode [ 'LICENSE.md', 436, 438 ]
490 silly gunzTarPerm extractEntry doc/new.md
491 silly gunzTarPerm modified mode [ 'doc/new.md', 436, 438 ]
492 silly gunzTarPerm extractEntry bench.js
493 silly gunzTarPerm modified mode [ 'bench.js', 420, 438 ]
494 silly gunzTarPerm extractEntry hiredis.js
495 silly gunzTarPerm modified mode [ 'hiredis.js', 420, 438 ]
496 silly gunzTarPerm extractEntry LICENSE
497 silly gunzTarPerm extractEntry Gruntfile.js
498 silly gunzTarPerm extractEntry LICENSE
499 silly gunzTarPerm modified mode [ 'LICENSE', 436, 438 ]
500 silly gunzTarPerm extractEntry index.js
501 silly gunzTarPerm modified mode [ 'index.js', 420, 438 ]
502 silly gunzTarPerm extractEntry doc/asyncworker.md
503 silly gunzTarPerm modified mode [ 'doc/asyncworker.md', 436, 438 ]
504 silly gunzTarPerm extractEntry LICENSE
505 silly gunzTarPerm modified mode [ 'LICENSE', 436, 438 ]
506 silly gunzTarPerm extractEntry COPYING
507 silly gunzTarPerm modified mode [ 'COPYING', 420, 438 ]
508 silly gunzTarPerm extractEntry Makefile
509 silly gunzTarPerm modified mode [ 'Makefile', 420, 438 ]
510 silly gunzTarPerm extractEntry commands.json
511 silly gunzTarPerm modified mode [ 'commands.json', 436, 438 ]
512 silly gunzTarPerm extractEntry .travis.yml
513 silly gunzTarPerm modified mode [ '.travis.yml', 436, 438 ]
514 silly gunzTarPerm extractEntry test/index.js
515 silly gunzTarPerm modified mode [ 'test/index.js', 436, 438 ]
516 silly gunzTarPerm extractEntry changelog.md
517 silly gunzTarPerm modified mode [ 'changelog.md', 436, 438 ]
518 silly gunzTarPerm extractEntry tools/build.js
519 silly gunzTarPerm modified mode [ 'tools/build.js', 436, 438 ]
520 silly gunzTarPerm extractEntry changelog.md
521 silly gunzTarPerm modified mode [ 'changelog.md', 420, 438 ]
522 silly gunzTarPerm extractEntry lib/hiredis.js
523 silly gunzTarPerm modified mode [ 'lib/hiredis.js', 420, 438 ]
524 silly gunzTarPerm extractEntry lib/parser.js
525 silly gunzTarPerm modified mode [ 'lib/parser.js', 420, 438 ]
526 silly gunzTarPerm extractEntry lib/parserError.js
527 silly gunzTarPerm modified mode [ 'lib/parserError.js', 420, 438 ]
528 silly gunzTarPerm extractEntry lib/redisError.js
529 silly gunzTarPerm modified mode [ 'lib/redisError.js', 420, 438 ]
530 silly gunzTarPerm extractEntry lib/replyError.js
531 silly gunzTarPerm modified mode [ 'lib/replyError.js', 420, 438 ]
532 silly gunzTarPerm extractEntry index.js
533 silly gunzTarPerm modified mode [ 'index.js', 420, 438 ]
534 silly gunzTarPerm extractEntry .github/ISSUE_TEMPLATE.md
535 silly gunzTarPerm modified mode [ '.github/ISSUE_TEMPLATE.md', 436, 438 ]
536 silly gunzTarPerm extractEntry .github/PULL_REQUEST_TEMPLATE.md
537 silly gunzTarPerm modified mode [ '.github/PULL_REQUEST_TEMPLATE.md', 436, 438 ]
538 silly gunzTarPerm extractEntry doc/callback.md
539 silly gunzTarPerm modified mode [ 'doc/callback.md', 436, 438 ]
540 silly gunzTarPerm extractEntry doc/converters.md
541 silly gunzTarPerm modified mode [ 'doc/converters.md', 436, 438 ]
542 silly gunzTarPerm extractEntry .eslintrc
543 silly gunzTarPerm modified mode [ '.eslintrc', 420, 438 ]
544 silly gunzTarPerm extractEntry changelog.md
545 silly gunzTarPerm modified mode [ 'changelog.md', 420, 438 ]
546 silly gunzTarPerm extractEntry js/deque.js
547 silly gunzTarPerm extractEntry doc/errors.md
548 silly gunzTarPerm modified mode [ 'doc/errors.md', 436, 438 ]
549 silly gunzTarPerm extractEntry doc/json.md
550 silly gunzTarPerm modified mode [ 'doc/json.md', 436, 438 ]
551 silly gunzTarPerm extractEntry appveyor.yml
552 silly gunzTarPerm modified mode [ 'appveyor.yml', 420, 438 ]
553 silly gunzTarPerm extractEntry .gitmodules
554 silly gunzTarPerm modified mode [ '.gitmodules', 420, 438 ]
555 silly gunzTarPerm extractEntry .eslintignore
556 silly gunzTarPerm modified mode [ '.eslintignore', 436, 438 ]
557 silly gunzTarPerm extractEntry lib/command.js
558 silly gunzTarPerm modified mode [ 'lib/command.js', 420, 438 ]
559 silly gunzTarPerm extractEntry doc/maybe_types.md
560 silly gunzTarPerm modified mode [ 'doc/maybe_types.md', 436, 438 ]
561 silly gunzTarPerm extractEntry doc/methods.md
562 silly gunzTarPerm modified mode [ 'doc/methods.md', 436, 438 ]
563 silly gunzTarPerm extractEntry binding.gyp
564 silly gunzTarPerm modified mode [ 'binding.gyp', 420, 438 ]
565 silly gentlyRm E:\gitworkspace\LearnNodejs\redis\node_modules\.staging\bindings-94d54e6e\node_modules is being purged
566 verbose gentlyRm don't care about contents; nuking E:\gitworkspace\LearnNodejs\redis\node_modules\.staging\bindings-94d54e6e\node_modules
567 silly gunzTarPerm extractEntry lib/commands.js
568 silly gunzTarPerm modified mode [ 'lib/commands.js', 420, 438 ]
569 silly gunzTarPerm extractEntry lib/createClient.js
570 silly gunzTarPerm modified mode [ 'lib/createClient.js', 420, 438 ]
571 silly gunzTarPerm extractEntry lib/customErrors.js
572 silly gunzTarPerm modified mode [ 'lib/customErrors.js', 420, 438 ]
573 silly gunzTarPerm extractEntry doc/buffers.md
574 silly gunzTarPerm modified mode [ 'doc/buffers.md', 436, 438 ]
575 silly gunzTarPerm extractEntry doc/node_misc.md
576 silly gunzTarPerm modified mode [ 'doc/node_misc.md', 436, 438 ]
577 silly gunzTarPerm extractEntry lib/debug.js
578 silly gunzTarPerm modified mode [ 'lib/debug.js', 420, 438 ]
579 silly gunzTarPerm extractEntry deps/hiredis/.npmignore
580 silly gunzTarPerm modified mode [ 'deps/hiredis/.npmignore', 420, 438 ]
581 silly gunzTarPerm extractEntry deps/hiredis/README.md
582 silly gunzTarPerm modified mode [ 'deps/hiredis/README.md', 420, 438 ]
583 silly gunzTarPerm extractEntry lib/extendedApi.js
584 silly gunzTarPerm modified mode [ 'lib/extendedApi.js', 420, 438 ]
585 silly gunzTarPerm extractEntry deps/hiredis/CHANGELOG.md
586 silly gunzTarPerm modified mode [ 'deps/hiredis/CHANGELOG.md', 420, 438 ]
587 silly gunzTarPerm extractEntry deps/hiredis/COPYING
588 silly gunzTarPerm modified mode [ 'deps/hiredis/COPYING', 420, 438 ]
589 silly gunzTarPerm extractEntry doc/object_wrappers.md
590 silly gunzTarPerm modified mode [ 'doc/object_wrappers.md', 436, 438 ]
591 silly gunzTarPerm extractEntry doc/persistent.md
592 silly gunzTarPerm modified mode [ 'doc/persistent.md', 436, 438 ]
593 silly gunzTarPerm extractEntry lib/individualCommands.js
594 silly gunzTarPerm modified mode [ 'lib/individualCommands.js', 420, 438 ]
595 silly gunzTarPerm extractEntry lib/multi.js
596 silly gunzTarPerm modified mode [ 'lib/multi.js', 420, 438 ]
597 silly gunzTarPerm extractEntry deps/hiredis/Makefile
598 silly gunzTarPerm modified mode [ 'deps/hiredis/Makefile', 420, 438 ]
599 silly gunzTarPerm extractEntry deps/hiredis/win32.h
600 silly gunzTarPerm modified mode [ 'deps/hiredis/win32.h', 420, 438 ]
601 silly gunzTarPerm extractEntry doc/scopes.md
602 silly gunzTarPerm modified mode [ 'doc/scopes.md', 436, 438 ]
603 silly gunzTarPerm extractEntry doc/script.md
604 silly gunzTarPerm modified mode [ 'doc/script.md', 436, 438 ]
605 silly gunzTarPerm extractEntry lib/utils.js
606 silly gunzTarPerm modified mode [ 'lib/utils.js', 420, 438 ]
607 silly gunzTarPerm extractEntry deps/hiredis/adapters/ae.h
608 silly gunzTarPerm modified mode [ 'deps/hiredis/adapters/ae.h', 420, 438 ]
609 silly gunzTarPerm extractEntry deps/hiredis/adapters/glib.h
610 silly gunzTarPerm modified mode [ 'deps/hiredis/adapters/glib.h', 420, 438 ]
611 silly gunzTarPerm extractEntry doc/string_bytes.md
612 silly gunzTarPerm modified mode [ 'doc/string_bytes.md', 436, 438 ]
613 silly gunzTarPerm extractEntry doc/v8_internals.md
614 silly gunzTarPerm modified mode [ 'doc/v8_internals.md', 436, 438 ]
615 silly gunzTarPerm extractEntry deps/hiredis/adapters/libev.h
616 silly gunzTarPerm modified mode [ 'deps/hiredis/adapters/libev.h', 420, 438 ]
617 silly gunzTarPerm extractEntry deps/hiredis/adapters/libevent.h
618 silly gunzTarPerm modified mode [ 'deps/hiredis/adapters/libevent.h', 420, 438 ]
619 silly gentlyRm E:\gitworkspace\LearnNodejs\redis\node_modules\.staging\double-ended-queue-724d8da8\node_modules is being purged
620 verbose gentlyRm don't care about contents; nuking E:\gitworkspace\LearnNodejs\redis\node_modules\.staging\double-ended-queue-724d8da8\node_modules
621 silly gunzTarPerm extractEntry doc/v8_misc.md
622 silly gunzTarPerm modified mode [ 'doc/v8_misc.md', 436, 438 ]
623 silly gunzTarPerm extractEntry nan.h
624 silly gunzTarPerm modified mode [ 'nan.h', 436, 438 ]
625 silly gunzTarPerm extractEntry deps/hiredis/adapters/libuv.h
626 silly gunzTarPerm modified mode [ 'deps/hiredis/adapters/libuv.h', 420, 438 ]
627 silly gunzTarPerm extractEntry deps/hiredis/async.c
628 silly gunzTarPerm modified mode [ 'deps/hiredis/async.c', 420, 438 ]
629 silly gunzTarPerm extractEntry nan_callbacks.h
630 silly gunzTarPerm modified mode [ 'nan_callbacks.h', 436, 438 ]
631 silly gunzTarPerm extractEntry deps/hiredis/async.h
632 silly gunzTarPerm modified mode [ 'deps/hiredis/async.h', 420, 438 ]
633 silly gunzTarPerm extractEntry deps/hiredis/dict.c
634 silly gunzTarPerm modified mode [ 'deps/hiredis/dict.c', 420, 438 ]
635 silly gunzTarPerm extractEntry deps/hiredis/dict.h
636 silly gunzTarPerm modified mode [ 'deps/hiredis/dict.h', 420, 438 ]
637 silly gunzTarPerm extractEntry nan_callbacks_12_inl.h
638 silly gunzTarPerm modified mode [ 'nan_callbacks_12_inl.h', 436, 438 ]
639 silly gunzTarPerm extractEntry nan_callbacks_pre_12_inl.h
640 silly gunzTarPerm modified mode [ 'nan_callbacks_pre_12_inl.h', 436, 438 ]
641 silly gunzTarPerm extractEntry nan_converters.h
642 silly gunzTarPerm modified mode [ 'nan_converters.h', 436, 438 ]
643 silly gentlyRm E:\gitworkspace\LearnNodejs\redis\node_modules\.staging\redis-commands-e54a24bb\node_modules is being purged
644 verbose gentlyRm don't care about contents; nuking E:\gitworkspace\LearnNodejs\redis\node_modules\.staging\redis-commands-e54a24bb\node_modules
645 silly gunzTarPerm extractEntry nan_converters_pre_43_inl.h
646 silly gunzTarPerm modified mode [ 'nan_converters_pre_43_inl.h', 436, 438 ]
647 silly gunzTarPerm extractEntry deps/hiredis/.travis.yml
648 silly gunzTarPerm modified mode [ 'deps/hiredis/.travis.yml', 420, 438 ]
649 silly gunzTarPerm extractEntry deps/hiredis/fmacros.h
650 silly gunzTarPerm modified mode [ 'deps/hiredis/fmacros.h', 420, 438 ]
651 silly gunzTarPerm extractEntry nan_implementation_12_inl.h
652 silly gunzTarPerm modified mode [ 'nan_implementation_12_inl.h', 436, 438 ]
653 silly gunzTarPerm extractEntry nan_implementation_pre_12_inl.h
654 silly gunzTarPerm modified mode [ 'nan_implementation_pre_12_inl.h', 436, 438 ]
655 silly gunzTarPerm extractEntry nan_json.h
656 silly gunzTarPerm modified mode [ 'nan_json.h', 436, 438 ]
657 silly gentlyRm E:\gitworkspace\LearnNodejs\redis\node_modules\.staging\redis-parser-cabe8d99\node_modules is being purged
658 verbose gentlyRm don't care about contents; nuking E:\gitworkspace\LearnNodejs\redis\node_modules\.staging\redis-parser-cabe8d99\node_modules
659 silly gunzTarPerm extractEntry nan_maybe_43_inl.h
660 silly gunzTarPerm modified mode [ 'nan_maybe_43_inl.h', 436, 438 ]
661 silly gunzTarPerm extractEntry deps/hiredis/hiredis.c
662 silly gunzTarPerm modified mode [ 'deps/hiredis/hiredis.c', 420, 438 ]
663 silly gunzTarPerm extractEntry deps/hiredis/hiredis.h
664 silly gunzTarPerm modified mode [ 'deps/hiredis/hiredis.h', 420, 438 ]
665 silly gunzTarPerm extractEntry nan_maybe_pre_43_inl.h
666 silly gunzTarPerm modified mode [ 'nan_maybe_pre_43_inl.h', 436, 438 ]
667 silly gunzTarPerm extractEntry nan_new.h
668 silly gunzTarPerm modified mode [ 'nan_new.h', 436, 438 ]
669 silly gunzTarPerm extractEntry deps/hiredis/net.c
670 silly gunzTarPerm modified mode [ 'deps/hiredis/net.c', 420, 438 ]
671 silly gunzTarPerm extractEntry deps/hiredis/net.h
672 silly gunzTarPerm modified mode [ 'deps/hiredis/net.h', 420, 438 ]
673 silly gunzTarPerm extractEntry nan_object_wrap.h
674 silly gunzTarPerm modified mode [ 'nan_object_wrap.h', 436, 438 ]
675 silly gunzTarPerm extractEntry nan_persistent_12_inl.h
676 silly gunzTarPerm modified mode [ 'nan_persistent_12_inl.h', 436, 438 ]
677 silly gunzTarPerm extractEntry deps/hiredis/read.c
678 silly gunzTarPerm modified mode [ 'deps/hiredis/read.c', 420, 438 ]
679 silly gunzTarPerm extractEntry deps/hiredis/read.h
680 silly gunzTarPerm modified mode [ 'deps/hiredis/read.h', 420, 438 ]
681 silly gunzTarPerm extractEntry nan_persistent_pre_12_inl.h
682 silly gunzTarPerm modified mode [ 'nan_persistent_pre_12_inl.h', 436, 438 ]
683 silly gunzTarPerm extractEntry nan_private.h
684 silly gunzTarPerm modified mode [ 'nan_private.h', 436, 438 ]
685 silly gunzTarPerm extractEntry deps/hiredis/sds.c
686 silly gunzTarPerm modified mode [ 'deps/hiredis/sds.c', 420, 438 ]
687 silly gunzTarPerm extractEntry deps/hiredis/sds.h
688 silly gunzTarPerm modified mode [ 'deps/hiredis/sds.h', 420, 438 ]
689 silly gunzTarPerm extractEntry nan_string_bytes.h
690 silly gunzTarPerm modified mode [ 'nan_string_bytes.h', 436, 438 ]
691 silly gunzTarPerm extractEntry nan_typedarray_contents.h
692 silly gunzTarPerm modified mode [ 'nan_typedarray_contents.h', 436, 438 ]
693 silly gunzTarPerm extractEntry deps/hiredis/test.c
694 silly gunzTarPerm modified mode [ 'deps/hiredis/test.c', 420, 438 ]
695 silly gunzTarPerm extractEntry deps/hiredis/examples/example-ae.c
696 silly gunzTarPerm modified mode [ 'deps/hiredis/examples/example-ae.c', 420, 438 ]
697 silly gunzTarPerm extractEntry nan_weak.h
698 silly gunzTarPerm modified mode [ 'nan_weak.h', 436, 438 ]
699 silly gunzTarPerm extractEntry CHANGELOG.md
700 silly gunzTarPerm modified mode [ 'CHANGELOG.md', 436, 438 ]
701 silly gunzTarPerm extractEntry deps/hiredis/examples/example-glib.c
702 silly gunzTarPerm modified mode [ 'deps/hiredis/examples/example-glib.c', 420, 438 ]
703 silly gunzTarPerm extractEntry deps/hiredis/examples/example-libev.c
704 silly gunzTarPerm modified mode [ 'deps/hiredis/examples/example-libev.c', 420, 438 ]
705 silly gunzTarPerm extractEntry tools/package.json
706 silly gunzTarPerm modified mode [ 'tools/package.json', 436, 438 ]
707 silly gunzTarPerm extractEntry tools/README.md
708 silly gunzTarPerm modified mode [ 'tools/README.md', 436, 438 ]
709 silly gunzTarPerm extractEntry deps/hiredis/examples/example-libevent.c
710 silly gunzTarPerm modified mode [ 'deps/hiredis/examples/example-libevent.c', 420, 438 ]
711 silly gunzTarPerm extractEntry deps/hiredis/examples/example-libuv.c
712 silly gunzTarPerm modified mode [ 'deps/hiredis/examples/example-libuv.c', 420, 438 ]
713 silly gunzTarPerm extractEntry tools/1to2.js
714 silly gunzTarPerm modified mode [ 'tools/1to2.js', 509, 511 ]
715 silly gunzTarPerm extractEntry deps/hiredis/examples/example.c
716 silly gunzTarPerm modified mode [ 'deps/hiredis/examples/example.c', 420, 438 ]
717 silly gunzTarPerm extractEntry deps/hiredis.gyp
718 silly gunzTarPerm modified mode [ 'deps/hiredis.gyp', 420, 438 ]
719 silly gunzTarPerm extractEntry .travis.yml
720 silly gunzTarPerm modified mode [ '.travis.yml', 420, 438 ]
721 silly gunzTarPerm extractEntry src/hiredis.cc
722 silly gunzTarPerm modified mode [ 'src/hiredis.cc', 420, 438 ]
723 silly gunzTarPerm extractEntry src/reader.cc
724 silly gunzTarPerm modified mode [ 'src/reader.cc', 420, 438 ]
725 silly gunzTarPerm extractEntry src/reader.h
726 silly gunzTarPerm modified mode [ 'src/reader.h', 420, 438 ]
727 silly gunzTarPerm extractEntry CHANGELOG.md
728 silly gunzTarPerm modified mode [ 'CHANGELOG.md', 420, 438 ]
729 silly gunzTarPerm extractEntry test/reader.js
730 silly gunzTarPerm modified mode [ 'test/reader.js', 420, 438 ]
731 silly gentlyRm E:\gitworkspace\LearnNodejs\redis\node_modules\.staging\redis-f5510547\node_modules is being purged
732 verbose gentlyRm don't care about contents; nuking E:\gitworkspace\LearnNodejs\redis\node_modules\.staging\redis-f5510547\node_modules
733 silly gunzTarPerm extractEntry test/testlib.js
734 silly gunzTarPerm modified mode [ 'test/testlib.js', 420, 438 ]
735 silly gunzTarPerm extractEntry test/writer.js
736 silly gunzTarPerm modified mode [ 'test/writer.js', 420, 438 ]
737 silly gentlyRm E:\gitworkspace\LearnNodejs\redis\node_modules\.staging\nan-ed52062f\node_modules is being purged
738 verbose gentlyRm don't care about contents; nuking E:\gitworkspace\LearnNodejs\redis\node_modules\.staging\nan-ed52062f\node_modules
739 silly gentlyRm E:\gitworkspace\LearnNodejs\redis\node_modules\.staging\hiredis-61f4e9a8\node_modules is being purged
740 verbose gentlyRm don't care about contents; nuking E:\gitworkspace\LearnNodejs\redis\node_modules\.staging\hiredis-61f4e9a8\node_modules
741 silly doParallel preinstall 7
742 silly preinstall bindings@1.2.1 E:\gitworkspace\LearnNodejs\redis\node_modules\.staging\bindings-94d54e6e
743 info lifecycle bindings@1.2.1~preinstall: bindings@1.2.1
744 silly preinstall double-ended-queue@2.1.0-0 E:\gitworkspace\LearnNodejs\redis\node_modules\.staging\double-ended-queue-724d8da8
745 info lifecycle double-ended-queue@2.1.0-0~preinstall: double-ended-queue@2.1.0-0
746 silly preinstall nan@2.6.2 E:\gitworkspace\LearnNodejs\redis\node_modules\.staging\nan-ed52062f
747 info lifecycle nan@2.6.2~preinstall: nan@2.6.2
748 silly preinstall redis-commands@1.3.1 E:\gitworkspace\LearnNodejs\redis\node_modules\.staging\redis-commands-e54a24bb
749 info lifecycle redis-commands@1.3.1~preinstall: redis-commands@1.3.1
750 silly preinstall redis-parser@2.6.0 E:\gitworkspace\LearnNodejs\redis\node_modules\.staging\redis-parser-cabe8d99
751 info lifecycle redis-parser@2.6.0~preinstall: redis-parser@2.6.0
752 silly preinstall hiredis@0.5.0 E:\gitworkspace\LearnNodejs\redis\node_modules\.staging\hiredis-61f4e9a8
753 info lifecycle hiredis@0.5.0~preinstall: hiredis@0.5.0
754 silly preinstall redis@2.7.1 E:\gitworkspace\LearnNodejs\redis\node_modules\.staging\redis-f5510547
755 info lifecycle redis@2.7.1~preinstall: redis@2.7.1
756 silly lifecycle bindings@1.2.1~preinstall: no script for preinstall, continuing
757 silly lifecycle double-ended-queue@2.1.0-0~preinstall: no script for preinstall, continuing
758 silly lifecycle nan@2.6.2~preinstall: no script for preinstall, continuing
759 silly lifecycle redis-commands@1.3.1~preinstall: no script for preinstall, continuing
760 silly lifecycle redis-parser@2.6.0~preinstall: no script for preinstall, continuing
761 silly lifecycle hiredis@0.5.0~preinstall: no script for preinstall, continuing
762 silly lifecycle redis@2.7.1~preinstall: no script for preinstall, continuing
763 silly doReverseSerial remove 0
764 silly doSerial move 0
765 silly doSerial finalize 7
766 silly finalize E:\gitworkspace\LearnNodejs\redis\node_modules\bindings
767 silly finalize E:\gitworkspace\LearnNodejs\redis\node_modules\double-ended-queue
768 silly finalize E:\gitworkspace\LearnNodejs\redis\node_modules\nan
769 silly finalize E:\gitworkspace\LearnNodejs\redis\node_modules\redis-commands
770 silly finalize E:\gitworkspace\LearnNodejs\redis\node_modules\redis-parser
771 silly finalize E:\gitworkspace\LearnNodejs\redis\node_modules\hiredis
772 silly finalize E:\gitworkspace\LearnNodejs\redis\node_modules\redis
773 silly doSerial build 7
774 silly build bindings@1.2.1
775 info linkStuff bindings@1.2.1
776 silly linkStuff bindings@1.2.1 has E:\gitworkspace\LearnNodejs\redis\node_modules as its parent node_modules
777 verbose linkBins bindings@1.2.1
778 verbose linkMans bindings@1.2.1
779 silly build double-ended-queue@2.1.0-0
780 info linkStuff double-ended-queue@2.1.0-0
781 silly linkStuff double-ended-queue@2.1.0-0 has E:\gitworkspace\LearnNodejs\redis\node_modules as its parent node_modules
782 verbose linkBins double-ended-queue@2.1.0-0
783 verbose linkMans double-ended-queue@2.1.0-0
784 silly build nan@2.6.2
785 info linkStuff nan@2.6.2
786 silly linkStuff nan@2.6.2 has E:\gitworkspace\LearnNodejs\redis\node_modules as its parent node_modules
787 verbose linkBins nan@2.6.2
788 verbose linkMans nan@2.6.2
789 silly build redis-commands@1.3.1
790 info linkStuff redis-commands@1.3.1
791 silly linkStuff redis-commands@1.3.1 has E:\gitworkspace\LearnNodejs\redis\node_modules as its parent node_modules
792 verbose linkBins redis-commands@1.3.1
793 verbose linkMans redis-commands@1.3.1
794 silly build redis-parser@2.6.0
795 info linkStuff redis-parser@2.6.0
796 silly linkStuff redis-parser@2.6.0 has E:\gitworkspace\LearnNodejs\redis\node_modules as its parent node_modules
797 verbose linkBins redis-parser@2.6.0
798 verbose linkMans redis-parser@2.6.0
799 silly build hiredis@0.5.0
800 info linkStuff hiredis@0.5.0
801 silly linkStuff hiredis@0.5.0 has E:\gitworkspace\LearnNodejs\redis\node_modules as its parent node_modules
802 verbose linkBins hiredis@0.5.0
803 verbose linkMans hiredis@0.5.0
804 silly build redis@2.7.1
805 info linkStuff redis@2.7.1
806 silly linkStuff redis@2.7.1 has E:\gitworkspace\LearnNodejs\redis\node_modules as its parent node_modules
807 verbose linkBins redis@2.7.1
808 verbose linkMans redis@2.7.1
809 silly doSerial global-link 0
810 silly doParallel update-linked 0
811 silly doSerial install 7
812 silly install bindings@1.2.1 E:\gitworkspace\LearnNodejs\redis\node_modules\.staging\bindings-94d54e6e
813 info lifecycle bindings@1.2.1~install: bindings@1.2.1
814 silly lifecycle bindings@1.2.1~install: no script for install, continuing
815 silly install double-ended-queue@2.1.0-0 E:\gitworkspace\LearnNodejs\redis\node_modules\.staging\double-ended-queue-724d8da8
816 info lifecycle double-ended-queue@2.1.0-0~install: double-ended-queue@2.1.0-0
817 silly lifecycle double-ended-queue@2.1.0-0~install: no script for install, continuing
818 silly install nan@2.6.2 E:\gitworkspace\LearnNodejs\redis\node_modules\.staging\nan-ed52062f
819 info lifecycle nan@2.6.2~install: nan@2.6.2
820 silly lifecycle nan@2.6.2~install: no script for install, continuing
821 silly install redis-commands@1.3.1 E:\gitworkspace\LearnNodejs\redis\node_modules\.staging\redis-commands-e54a24bb
822 info lifecycle redis-commands@1.3.1~install: redis-commands@1.3.1
823 silly lifecycle redis-commands@1.3.1~install: no script for install, continuing
824 silly install redis-parser@2.6.0 E:\gitworkspace\LearnNodejs\redis\node_modules\.staging\redis-parser-cabe8d99
825 info lifecycle redis-parser@2.6.0~install: redis-parser@2.6.0
826 silly lifecycle redis-parser@2.6.0~install: no script for install, continuing
827 silly install hiredis@0.5.0 E:\gitworkspace\LearnNodejs\redis\node_modules\.staging\hiredis-61f4e9a8
828 info lifecycle hiredis@0.5.0~install: hiredis@0.5.0
829 verbose lifecycle hiredis@0.5.0~install: unsafe-perm in lifecycle true
830 verbose lifecycle hiredis@0.5.0~install: PATH: D:\nodejs\node_modules\npm\bin\node-gyp-bin;E:\gitworkspace\LearnNodejs\redis\node_modules\hiredis\node_modules\.bin;E:\gitworkspace\LearnNodejs\redis\node_modules\.bin;D:\nodejs;C:\Windows\system32;C:\Windows;C:\Windows\System32\Wbem;C:\Windows\System32\WindowsPowerShell\v1.0\;C:\Program Files\TortoiseSVN\bin;D:\nodejs\;D:\Git\cmd;C:\Program Files\MySQL\MySQL Utilities 1.6\;C:\Program Files\MySQL\MySQL Server 5.7\bin;C:\Users\Administrator\AppData\Roaming\npm;D:\Tools\Microsoft VS Code\bin
831 verbose lifecycle hiredis@0.5.0~install: CWD: E:\gitworkspace\LearnNodejs\redis\node_modules\hiredis
832 silly lifecycle hiredis@0.5.0~install: Args: [ '/d /s /c', 'node-gyp rebuild' ]
833 silly lifecycle hiredis@0.5.0~install: Returned: code: 1  signal: null
834 info lifecycle hiredis@0.5.0~install: Failed to exec install script
835 verbose unlock done using C:\Users\Administrator\AppData\Roaming\npm-cache\_locks\staging-714aa328c44299fc.lock for E:\gitworkspace\LearnNodejs\redis\node_modules\.staging
836 silly rollbackFailedOptional Starting
837 silly rollbackFailedOptional Finishing
838 silly runTopLevelLifecycles Starting
839 silly runTopLevelLifecycles Finishing
840 silly install printInstalled
841 warn enoent ENOENT: no such file or directory, open 'E:\gitworkspace\LearnNodejs\redis\package.json'
842 warn redis No description
843 warn redis No repository field.
844 warn redis No README data
845 warn redis No license field.
846 verbose stack Error: hiredis@0.5.0 install: `node-gyp rebuild`
846 verbose stack Exit status 1
846 verbose stack     at EventEmitter.<anonymous> (D:\nodejs\node_modules\npm\lib\utils\lifecycle.js:245:16)
846 verbose stack     at emitTwo (events.js:106:13)
846 verbose stack     at EventEmitter.emit (events.js:191:7)
846 verbose stack     at ChildProcess.<anonymous> (D:\nodejs\node_modules\npm\lib\utils\spawn.js:24:14)
846 verbose stack     at emitTwo (events.js:106:13)
846 verbose stack     at ChildProcess.emit (events.js:191:7)
846 verbose stack     at maybeClose (internal/child_process.js:850:16)
846 verbose stack     at Process.ChildProcess._handle.onexit (internal/child_process.js:215:5)
847 verbose pkgid hiredis@0.5.0
848 verbose cwd E:\gitworkspace\LearnNodejs\redis
849 error Windows_NT 6.1.7601
850 error argv "D:\\nodejs\\node.exe" "D:\\nodejs\\node_modules\\npm\\bin\\npm-cli.js" "install" "hiredis" "redis"
851 error node v6.2.0
852 error npm  v3.8.9
853 error code ELIFECYCLE
854 error hiredis@0.5.0 install: `node-gyp rebuild`
854 error Exit status 1
855 error Failed at the hiredis@0.5.0 install script 'node-gyp rebuild'.
855 error Make sure you have the latest version of node.js and npm installed.
855 error If you do, this is most likely a problem with the hiredis package,
855 error not with npm itself.
855 error Tell the author that this fails on your system:
855 error     node-gyp rebuild
855 error You can get information on how to open an issue for this project with:
855 error     npm bugs hiredis
855 error Or if that isn't available, you can get their info via:
855 error     npm owner ls hiredis
855 error There is likely additional logging output above.
856 verbose exit [ 1, true ]
